<?xml version="1.0" encoding="UTF-8"?>
<testsuite name="com.cos.blogactionaws.web.BlogControllerTest" tests="1" skipped="0" failures="0" errors="0" timestamp="2022-01-15T02:09:32" hostname="JOOHO-NOTEBOOK" time="0.205">
  <properties/>
  <testcase name="home()" classname="com.cos.blogactionaws.web.BlogControllerTest" time="0.205"/>
  <system-out><![CDATA[2022-01-15 11:09:31.652  INFO 14768 --- [    Test worker] .b.t.c.SpringBootTestContextBootstrapper : Neither @ContextConfiguration nor @ContextHierarchy found for test class [com.cos.blogactionaws.web.BlogControllerTest], using SpringBootContextLoader
2022-01-15 11:09:31.653  INFO 14768 --- [    Test worker] o.s.t.c.support.AbstractContextLoader    : Could not detect default resource locations for test class [com.cos.blogactionaws.web.BlogControllerTest]: no resource found for suffixes {-context.xml, Context.groovy}.
2022-01-15 11:09:31.653  INFO 14768 --- [    Test worker] t.c.s.AnnotationConfigContextLoaderUtils : Could not detect default configuration classes for test class [com.cos.blogactionaws.web.BlogControllerTest]: BlogControllerTest does not declare any static, non-private, non-final, nested classes annotated with @Configuration.
2022-01-15 11:09:31.662  INFO 14768 --- [    Test worker] .b.t.c.SpringBootTestContextBootstrapper : Found @SpringBootConfiguration com.cos.blogactionaws.BlogActionAwsApplication for test class com.cos.blogactionaws.web.BlogControllerTest
2022-01-15 11:09:31.664  INFO 14768 --- [    Test worker] .b.t.c.SpringBootTestContextBootstrapper : Loaded default TestExecutionListener class names from location [META-INF/spring.factories]: [org.springframework.boot.test.autoconfigure.restdocs.RestDocsTestExecutionListener, org.springframework.boot.test.autoconfigure.web.client.MockRestServiceServerResetTestExecutionListener, org.springframework.boot.test.autoconfigure.web.servlet.MockMvcPrintOnlyOnFailureTestExecutionListener, org.springframework.boot.test.autoconfigure.web.servlet.WebDriverTestExecutionListener, org.springframework.boot.test.autoconfigure.webservices.client.MockWebServiceServerTestExecutionListener, org.springframework.boot.test.mock.mockito.MockitoTestExecutionListener, org.springframework.boot.test.mock.mockito.ResetMocksTestExecutionListener, org.springframework.test.context.web.ServletTestExecutionListener, org.springframework.test.context.support.DirtiesContextBeforeModesTestExecutionListener, org.springframework.test.context.event.ApplicationEventsTestExecutionListener, org.springframework.test.context.support.DependencyInjectionTestExecutionListener, org.springframework.test.context.support.DirtiesContextTestExecutionListener, org.springframework.test.context.transaction.TransactionalTestExecutionListener, org.springframework.test.context.jdbc.SqlScriptsTestExecutionListener, org.springframework.test.context.event.EventPublishingTestExecutionListener]
2022-01-15 11:09:31.666  INFO 14768 --- [    Test worker] .b.t.c.SpringBootTestContextBootstrapper : Using TestExecutionListeners: [org.springframework.test.context.web.ServletTestExecutionListener@2e3f324e, org.springframework.test.context.support.DirtiesContextBeforeModesTestExecutionListener@46cf8c07, org.springframework.test.context.event.ApplicationEventsTestExecutionListener@b56ec6c, org.springframework.boot.test.mock.mockito.MockitoTestExecutionListener@5abf6a99, org.springframework.boot.test.autoconfigure.SpringBootDependencyInjectionTestExecutionListener@dc59ec2, org.springframework.test.context.support.DirtiesContextTestExecutionListener@375084c9, org.springframework.test.context.event.EventPublishingTestExecutionListener@bd93bc3, org.springframework.boot.test.autoconfigure.restdocs.RestDocsTestExecutionListener@2a136383, org.springframework.boot.test.autoconfigure.web.client.MockRestServiceServerResetTestExecutionListener@b01cb8d, org.springframework.boot.test.autoconfigure.web.servlet.MockMvcPrintOnlyOnFailureTestExecutionListener@38c460e8, org.springframework.boot.test.autoconfigure.web.servlet.WebDriverTestExecutionListener@7a814310, org.springframework.boot.test.autoconfigure.webservices.client.MockWebServiceServerTestExecutionListener@4bbf38b8, org.springframework.boot.test.mock.mockito.ResetMocksTestExecutionListener@4e67cfe1]

  .   ____          _            __ _ _
 /\\ / ___'_ __ _ _(_)_ __  __ _ \ \ \ \
( ( )\___ | '_ | '_| | '_ \/ _` | \ \ \ \
 \\/  ___)| |_)| | | | | || (_| |  ) ) ) )
  '  |____| .__|_| |_|_| |_\__, | / / / /
 =========|_|==============|___/=/_/_/_/
 :: Spring Boot ::                (v2.6.2)

2022-01-15 11:09:31.732  INFO 14768 --- [    Test worker] c.c.b.web.BlogControllerTest             : Starting BlogControllerTest using Java 11 on jooho-notebook with PID 14768 (started by ssarm in C:\src\devopswork\elastic-beanstalk-docker-compose)
2022-01-15 11:09:31.732  INFO 14768 --- [    Test worker] c.c.b.web.BlogControllerTest             : The following profiles are active: prod
2022-01-15 11:09:32.207  INFO 14768 --- [    Test worker] o.s.b.w.embedded.tomcat.TomcatWebServer  : Tomcat initialized with port(s): 0 (http)
2022-01-15 11:09:32.221  INFO 14768 --- [    Test worker] o.apache.catalina.core.StandardService   : Starting service [Tomcat]
2022-01-15 11:09:32.222  INFO 14768 --- [    Test worker] org.apache.catalina.core.StandardEngine  : Starting Servlet engine: [Apache Tomcat/9.0.56]
2022-01-15 11:09:32.371  INFO 14768 --- [    Test worker] o.a.c.c.C.[Tomcat].[localhost].[/]       : Initializing Spring embedded WebApplicationContext
2022-01-15 11:09:32.371  INFO 14768 --- [    Test worker] w.s.c.ServletWebServerApplicationContext : Root WebApplicationContext: initialization completed in 636 ms
2022-01-15 11:09:32.808  INFO 14768 --- [    Test worker] o.s.b.w.embedded.tomcat.TomcatWebServer  : Tomcat started on port(s): 55073 (http) with context path ''
2022-01-15 11:09:32.812  INFO 14768 --- [    Test worker] c.c.b.web.BlogControllerTest             : Started BlogControllerTest in 1.142 seconds (JVM running for 6.186)
2022-01-15 11:09:32.968  INFO 14768 --- [o-auto-1-exec-1] o.a.c.c.C.[Tomcat].[localhost].[/]       : Initializing Spring DispatcherServlet 'dispatcherServlet'
2022-01-15 11:09:32.969  INFO 14768 --- [o-auto-1-exec-1] o.s.web.servlet.DispatcherServlet        : Initializing Servlet 'dispatcherServlet'
2022-01-15 11:09:32.970  INFO 14768 --- [o-auto-1-exec-1] o.s.web.servlet.DispatcherServlet        : Completed initialization in 1 ms
]]></system-out>
  <system-err><![CDATA[]]></system-err>
</testsuite>
